[debug] [2023-08-16T15:35:20.306Z] ----------------------------------------------------------------------
[debug] [2023-08-16T15:35:20.308Z] Command:       C:\Program Files\nodejs\node.exe C:\Users\pacho\AppData\Roaming\npm\node_modules\firebase-tools\lib\bin\firebase.js init
[debug] [2023-08-16T15:35:20.309Z] CLI Version:   12.4.8
[debug] [2023-08-16T15:35:20.309Z] Platform:      win32
[debug] [2023-08-16T15:35:20.309Z] Node Version:  v18.15.0
[debug] [2023-08-16T15:35:20.311Z] Time:          Wed Aug 16 2023 10:35:20 GMT-0500 (Colombia Standard Time)
[debug] [2023-08-16T15:35:20.311Z] ----------------------------------------------------------------------
[debug] 
[debug] [2023-08-16T15:35:20.318Z] > command requires scopes: ["email","openid","https://www.googleapis.com/auth/cloudplatformprojects.readonly","https://www.googleapis.com/auth/firebase","https://www.googleapis.com/auth/cloud-platform"]
[debug] [2023-08-16T15:35:20.319Z] > authorizing via signed-in user (pacho.cucaita@gmail.com)
[info] 
     ######## #### ########  ######## ########     ###     ######  ########
     ##        ##  ##     ## ##       ##     ##  ##   ##  ##       ##
     ######    ##  ########  ######   ########  #########  ######  ######
     ##        ##  ##    ##  ##       ##     ## ##     ##       ## ##
     ##       #### ##     ## ######## ########  ##     ##  ######  ########

You're about to initialize a Firebase project in this directory:

  C:\Users\pacho\Workspace\fcTechSolutions

[info] 
=== Project Setup
[info] 
[info] First, let's associate this project directory with a Firebase project.
[info] You can create multiple project aliases by running firebase use --add, 
[info] but for now we'll just set up a default project.
[info] 
[debug] [2023-08-16T15:38:20.293Z] >>> [apiv2][query] GET https://firebase.googleapis.com/v1beta1/projects pageSize=100
[debug] [2023-08-16T15:38:21.639Z] <<< [apiv2][status] GET https://firebase.googleapis.com/v1beta1/projects 200
[debug] [2023-08-16T15:38:21.639Z] <<< [apiv2][body] GET https://firebase.googleapis.com/v1beta1/projects [omitted]
[info] i  Using project fc-techsolutions (FC TechSolutions) 
[info] 
=== Functions Setup
[debug] [2023-08-16T15:38:27.077Z] > command requires scopes: ["email","openid","https://www.googleapis.com/auth/cloudplatformprojects.readonly","https://www.googleapis.com/auth/firebase","https://www.googleapis.com/auth/cloud-platform"]
[debug] [2023-08-16T15:38:27.077Z] > authorizing via signed-in user (pacho.cucaita@gmail.com)
[debug] [2023-08-16T15:38:27.078Z] [iam] checking project fc-techsolutions for permissions ["firebase.projects.get"]
[debug] [2023-08-16T15:38:27.079Z] >>> [apiv2][query] POST https://cloudresourcemanager.googleapis.com/v1/projects/fc-techsolutions:testIamPermissions [none]
[debug] [2023-08-16T15:38:27.079Z] >>> [apiv2][(partial)header] POST https://cloudresourcemanager.googleapis.com/v1/projects/fc-techsolutions:testIamPermissions x-goog-quota-user=projects/fc-techsolutions
[debug] [2023-08-16T15:38:27.079Z] >>> [apiv2][body] POST https://cloudresourcemanager.googleapis.com/v1/projects/fc-techsolutions:testIamPermissions {"permissions":["firebase.projects.get"]}
[debug] [2023-08-16T15:38:27.660Z] <<< [apiv2][status] POST https://cloudresourcemanager.googleapis.com/v1/projects/fc-techsolutions:testIamPermissions 200
[debug] [2023-08-16T15:38:27.660Z] <<< [apiv2][body] POST https://cloudresourcemanager.googleapis.com/v1/projects/fc-techsolutions:testIamPermissions {"permissions":["firebase.projects.get"]}
[debug] [2023-08-16T15:38:27.661Z] >>> [apiv2][query] GET https://serviceusage.googleapis.com/v1/projects/fc-techsolutions/services/cloudfunctions.googleapis.com [none]
[debug] [2023-08-16T15:38:27.662Z] >>> [apiv2][(partial)header] GET https://serviceusage.googleapis.com/v1/projects/fc-techsolutions/services/cloudfunctions.googleapis.com x-goog-quota-user=projects/fc-techsolutions
[debug] [2023-08-16T15:38:27.663Z] >>> [apiv2][query] GET https://serviceusage.googleapis.com/v1/projects/fc-techsolutions/services/runtimeconfig.googleapis.com [none]
[debug] [2023-08-16T15:38:27.663Z] >>> [apiv2][(partial)header] GET https://serviceusage.googleapis.com/v1/projects/fc-techsolutions/services/runtimeconfig.googleapis.com x-goog-quota-user=projects/fc-techsolutions
[debug] [2023-08-16T15:38:28.380Z] <<< [apiv2][status] GET https://serviceusage.googleapis.com/v1/projects/fc-techsolutions/services/runtimeconfig.googleapis.com 200
[debug] [2023-08-16T15:38:28.380Z] <<< [apiv2][body] GET https://serviceusage.googleapis.com/v1/projects/fc-techsolutions/services/runtimeconfig.googleapis.com [omitted]
[debug] [2023-08-16T15:38:28.425Z] <<< [apiv2][status] GET https://serviceusage.googleapis.com/v1/projects/fc-techsolutions/services/cloudfunctions.googleapis.com 200
[debug] [2023-08-16T15:38:28.426Z] <<< [apiv2][body] GET https://serviceusage.googleapis.com/v1/projects/fc-techsolutions/services/cloudfunctions.googleapis.com [omitted]
[debug] [2023-08-16T15:38:28.427Z] >>> [apiv2][query] POST https://serviceusage.googleapis.com/v1/projects/fc-techsolutions/services/cloudfunctions.googleapis.com:enable [none]
[debug] [2023-08-16T15:38:28.427Z] >>> [apiv2][(partial)header] POST https://serviceusage.googleapis.com/v1/projects/fc-techsolutions/services/cloudfunctions.googleapis.com:enable x-goog-quota-user=projects/fc-techsolutions
[debug] [2023-08-16T15:38:29.674Z] <<< [apiv2][status] POST https://serviceusage.googleapis.com/v1/projects/fc-techsolutions/services/cloudfunctions.googleapis.com:enable 200
[debug] [2023-08-16T15:38:29.674Z] <<< [apiv2][body] POST https://serviceusage.googleapis.com/v1/projects/fc-techsolutions/services/cloudfunctions.googleapis.com:enable [omitted]
[debug] [2023-08-16T15:38:39.685Z] >>> [apiv2][query] GET https://serviceusage.googleapis.com/v1/projects/fc-techsolutions/services/cloudfunctions.googleapis.com [none]
[debug] [2023-08-16T15:38:39.686Z] >>> [apiv2][(partial)header] GET https://serviceusage.googleapis.com/v1/projects/fc-techsolutions/services/cloudfunctions.googleapis.com x-goog-quota-user=projects/fc-techsolutions
[debug] [2023-08-16T15:38:40.379Z] <<< [apiv2][status] GET https://serviceusage.googleapis.com/v1/projects/fc-techsolutions/services/cloudfunctions.googleapis.com 200
[debug] [2023-08-16T15:38:40.379Z] <<< [apiv2][body] GET https://serviceusage.googleapis.com/v1/projects/fc-techsolutions/services/cloudfunctions.googleapis.com [omitted]
[info] Let's create a new codebase for your functions.
[info] A directory corresponding to the codebase will be created in your project
[info] with sample code pre-configured.

[info] See https://firebase.google.com/docs/functions/organize-functions for
[info] more information on organizing your functions using codebases.

[info] Functions can be deployed with firebase deploy.

[info] +  Wrote functions/package.json 
[info] +  Wrote functions/.eslintrc.js 
[info] +  Wrote functions/index.js 
[info] +  Wrote functions/.gitignore 
[info] 
=== Hosting Setup
[info] 
[info] Your public directory is the folder (relative to your project directory) that
[info] will contain Hosting assets to be uploaded with firebase deploy. If you
[info] have a build process for your assets, use your build's output directory.
[info] 
[debug] [2023-08-16T15:51:56.618Z] >>> [apiv2][query] GET https://www.gstatic.com/firebasejs/releases.json [none]
[debug] [2023-08-16T15:51:56.754Z] <<< [apiv2][status] GET https://www.gstatic.com/firebasejs/releases.json 200
[debug] [2023-08-16T15:51:56.756Z] <<< [apiv2][body] GET https://www.gstatic.com/firebasejs/releases.json {"current":{"version":"10.1.0","browserURL":"https://www.gstatic.com/firebasejs/10.1.0/firebase.js","packageURL":"https://www.gstatic.com/firebasejs/10.1.0/firebase.tgz"},"live":{"version":"10.1","browserURL":"https://www.gstatic.com/firebasejs/live/10.1/firebase.js","packageURL":"https://www.gstatic.com/firebasejs/live/10.1/firebase.tgz"},"components":{"analytics":"https://www.gstatic.com/firebasejs/10.1.0/firebase-analytics.js","app":"https://www.gstatic.com/firebasejs/10.1.0/firebase-app.js","app-check":"https://www.gstatic.com/firebasejs/10.1.0/firebase-app-check.js","auth":"https://www.gstatic.com/firebasejs/10.1.0/firebase-auth.js","auth/cordova":"https://www.gstatic.com/firebasejs/10.1.0/firebase-auth/cordova.js","functions":"https://www.gstatic.com/firebasejs/10.1.0/firebase-functions.js","firestore":"https://www.gstatic.com/firebasejs/10.1.0/firebase-firestore.js","firestore/lite":"https://www.gstatic.com/firebasejs/10.1.0/firebase-firestore/lite.js","installations":"https://www.gstatic.com/firebasejs/10.1.0/firebase-installations.js","storage":"https://www.gstatic.com/firebasejs/10.1.0/firebase-storage.js","performance":"https://www.gstatic.com/firebasejs/10.1.0/firebase-performance.js","remote-config":"https://www.gstatic.com/firebasejs/10.1.0/firebase-remote-config.js","messaging":"https://www.gstatic.com/firebasejs/10.1.0/firebase-messaging.js","messaging/sw":"https://www.gstatic.com/firebasejs/10.1.0/firebase-messaging/sw.js","database":"https://www.gstatic.com/firebasejs/10.1.0/firebase-database.js","firestore.memory":"https://www.gstatic.com/firebasejs/10.1.0/firebase-firestore.memory.js"}}
[info] +  Wrote y/index.html 
[info] 
[info] i  Didn't detect a .git folder. Assuming C:\Users\pacho\Workspace\fcTechSolutions is the project root. 
[info] i  Authorizing with GitHub to upload your service account to a GitHub repository's secrets store. 
[info] 
[info] Visit this URL on this device to log in:
[info] https://github.com/login/oauth/authorize?client_id=89cf50f02ac6aaed3484&state=460472523&redirect_uri=http%3A%2F%2Flocalhost%3A9005&scope=read%3Auser%20repo%20public_repo
[info] 
[info] Waiting for authentication...
[debug] [2023-08-16T15:52:09.730Z] >>> [apiv2][query] POST https://github.com/login/oauth/access_token [none]
[debug] [2023-08-16T15:52:09.731Z] >>> [apiv2][body] POST https://github.com/login/oauth/access_token [stream]
[debug] [2023-08-16T15:52:10.130Z] <<< [apiv2][status] POST https://github.com/login/oauth/access_token 200
[debug] [2023-08-16T15:52:10.130Z] <<< [apiv2][body] POST https://github.com/login/oauth/access_token {"access_token":"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","token_type":"bearer","scope":"read:user,repo"}
[debug] [2023-08-16T15:52:10.147Z] >>> [apiv2][query] GET https://api.github.com/user [none]
[debug] [2023-08-16T15:52:10.599Z] <<< [apiv2][status] GET https://api.github.com/user 200
[debug] [2023-08-16T15:52:10.599Z] <<< [apiv2][body] GET https://api.github.com/user {"login":"fran-cucaita","id":90535452,"node_id":"MDQ6VXNlcjkwNTM1NDUy","avatar_url":"https://avatars.githubusercontent.com/u/90535452?v=4","gravatar_id":"","url":"https://api.github.com/users/fran-cucaita","html_url":"https://github.com/fran-cucaita","followers_url":"https://api.github.com/users/fran-cucaita/followers","following_url":"https://api.github.com/users/fran-cucaita/following{/other_user}","gists_url":"https://api.github.com/users/fran-cucaita/gists{/gist_id}","starred_url":"https://api.github.com/users/fran-cucaita/starred{/owner}{/repo}","subscriptions_url":"https://api.github.com/users/fran-cucaita/subscriptions","organizations_url":"https://api.github.com/users/fran-cucaita/orgs","repos_url":"https://api.github.com/users/fran-cucaita/repos","events_url":"https://api.github.com/users/fran-cucaita/events{/privacy}","received_events_url":"https://api.github.com/users/fran-cucaita/received_events","type":"User","site_admin":false,"name":"Fran Cucaita","company":null,"blog":"https://www.linkedin.com/in/francisco-cucaita-calderon-ab88629a/","location":"Buenos aires ","email":"pacho.cucaita@gmail.com","hireable":true,"bio":"hi, Im a beginner developer, I use Github to have the test repositories of my personal projects and I use it as a window to connect with other people and learn ","twitter_username":null,"public_repos":7,"public_gists":2,"followers":0,"following":0,"created_at":"2021-09-12T00:34:39Z","updated_at":"2023-08-15T18:31:16Z","private_gists":0,"total_private_repos":2,"owned_private_repos":2,"disk_usage":8145,"collaborators":1,"two_factor_authentication":false,"plan":{"name":"free","space":976562499,"collaborators":0,"private_repos":10000}}
[info] 
[info] +  Success! Logged into GitHub as fran-cucaita 
[info] 
[debug] [2023-08-16T15:52:57.724Z] >>> [apiv2][query] GET https://api.github.com/repos/user/actions/secrets/public-key type=owner
[debug] [2023-08-16T15:52:58.095Z] <<< [apiv2][status] GET https://api.github.com/repos/user/actions/secrets/public-key 404
[debug] [2023-08-16T15:52:58.095Z] <<< [apiv2][body] GET https://api.github.com/repos/user/actions/secrets/public-key {"message":"Not Found","documentation_url":"https://docs.github.com/rest"}
[info] 
[info] 
[error] !  The provided authorization cannot be used with this repository. If this repository is in an organization, did you remember to grant access? 
[info] 
[info] i  Action required: Visit this URL to ensure access has been granted to the appropriate organization(s) for the Firebase CLI GitHub OAuth App: 
[info] https://github.com/settings/connections/applications/89cf50f02ac6aaed3484
[info] 
[debug] [2023-08-16T15:53:24.800Z] >>> [apiv2][query] GET https://api.github.com/repos/user/actions/secrets/public-key type=owner
[debug] [2023-08-16T15:53:25.247Z] <<< [apiv2][status] GET https://api.github.com/repos/user/actions/secrets/public-key 404
[debug] [2023-08-16T15:53:25.248Z] <<< [apiv2][body] GET https://api.github.com/repos/user/actions/secrets/public-key {"message":"Not Found","documentation_url":"https://docs.github.com/rest"}
[info] 
[info] 
[error] !  The provided authorization cannot be used with this repository. If this repository is in an organization, did you remember to grant access? 
[info] 
[info] i  Action required: Visit this URL to ensure access has been granted to the appropriate organization(s) for the Firebase CLI GitHub OAuth App: 
[info] https://github.com/settings/connections/applications/89cf50f02ac6aaed3484
[info] 
[debug] [2023-08-16T15:55:17.863Z] >>> [apiv2][query] GET https://api.github.com/repos//actions/secrets/public-key type=owner
[debug] [2023-08-16T15:55:18.237Z] <<< [apiv2][status] GET https://api.github.com/repos//actions/secrets/public-key 404
[debug] [2023-08-16T15:55:18.237Z] <<< [apiv2][body] GET https://api.github.com/repos//actions/secrets/public-key {"message":"Not Found","documentation_url":"https://docs.github.com/rest"}
[info] 
[info] 
[error] !  The provided authorization cannot be used with this repository. If this repository is in an organization, did you remember to grant access? 
[info] 
[info] i  Action required: Visit this URL to ensure access has been granted to the appropriate organization(s) for the Firebase CLI GitHub OAuth App: 
[info] https://github.com/settings/connections/applications/89cf50f02ac6aaed3484
[info] 
[debug] [2023-08-16T15:55:24.460Z] >>> [apiv2][query] GET https://api.github.com/repos/repository/actions/secrets/public-key type=owner
[debug] [2023-08-16T15:55:24.840Z] <<< [apiv2][status] GET https://api.github.com/repos/repository/actions/secrets/public-key 404
[debug] [2023-08-16T15:55:24.840Z] <<< [apiv2][body] GET https://api.github.com/repos/repository/actions/secrets/public-key {"message":"Not Found","documentation_url":"https://docs.github.com/rest"}
[info] 
[info] 
[error] !  The provided authorization cannot be used with this repository. If this repository is in an organization, did you remember to grant access? 
[info] 
[info] i  Action required: Visit this URL to ensure access has been granted to the appropriate organization(s) for the Firebase CLI GitHub OAuth App: 
[info] https://github.com/settings/connections/applications/89cf50f02ac6aaed3484
[info] 
[debug] [2023-08-16T16:08:51.725Z] >>> [apiv2][query] GET https://api.github.com/repos/repository/actions/secrets/public-key type=owner
[debug] [2023-08-16T16:08:52.089Z] <<< [apiv2][status] GET https://api.github.com/repos/repository/actions/secrets/public-key 404
[debug] [2023-08-16T16:08:52.090Z] <<< [apiv2][body] GET https://api.github.com/repos/repository/actions/secrets/public-key {"message":"Not Found","documentation_url":"https://docs.github.com/rest"}
[info] 
[info] 
[error] !  The provided authorization cannot be used with this repository. If this repository is in an organization, did you remember to grant access? 
[info] 
[info] i  Action required: Visit this URL to ensure access has been granted to the appropriate organization(s) for the Firebase CLI GitHub OAuth App: 
[info] https://github.com/settings/connections/applications/89cf50f02ac6aaed3484
[info] 
[debug] [2023-08-16T16:09:02.638Z] >>> [apiv2][query] GET https://api.github.com/repos/		s/actions/secrets/public-key type=owner
[debug] [2023-08-16T16:09:03.005Z] <<< [apiv2][status] GET https://api.github.com/repos/		s/actions/secrets/public-key 404
[debug] [2023-08-16T16:09:03.006Z] <<< [apiv2][body] GET https://api.github.com/repos/		s/actions/secrets/public-key {"message":"Not Found","documentation_url":"https://docs.github.com/rest"}
[info] 
[info] 
[error] !  The provided authorization cannot be used with this repository. If this repository is in an organization, did you remember to grant access? 
[info] 
[info] i  Action required: Visit this URL to ensure access has been granted to the appropriate organization(s) for the Firebase CLI GitHub OAuth App: 
[info] https://github.com/settings/connections/applications/89cf50f02ac6aaed3484
[info] 
[debug] [2023-08-16T16:09:04.249Z] >>> [apiv2][query] GET https://api.github.com/repos/		/actions/secrets/public-key type=owner
[debug] [2023-08-16T16:09:04.613Z] <<< [apiv2][status] GET https://api.github.com/repos/		/actions/secrets/public-key 404
[debug] [2023-08-16T16:09:04.613Z] <<< [apiv2][body] GET https://api.github.com/repos/		/actions/secrets/public-key {"message":"Not Found","documentation_url":"https://docs.github.com/rest"}
[info] 
[info] 
[error] !  The provided authorization cannot be used with this repository. If this repository is in an organization, did you remember to grant access? 
[info] 
[info] i  Action required: Visit this URL to ensure access has been granted to the appropriate organization(s) for the Firebase CLI GitHub OAuth App: 
[info] https://github.com/settings/connections/applications/89cf50f02ac6aaed3484
[info] 
[debug] [2023-08-16T16:09:51.680Z] >>> [apiv2][query] GET https://api.github.com/repos/pacho.cucaita@gmail.com/actions/secrets/public-key type=owner
[debug] [2023-08-16T16:09:52.043Z] <<< [apiv2][status] GET https://api.github.com/repos/pacho.cucaita@gmail.com/actions/secrets/public-key 404
[debug] [2023-08-16T16:09:52.044Z] <<< [apiv2][body] GET https://api.github.com/repos/pacho.cucaita@gmail.com/actions/secrets/public-key {"message":"Not Found","documentation_url":"https://docs.github.com/rest"}
[info] 
[info] 
[error] !  The provided authorization cannot be used with this repository. If this repository is in an organization, did you remember to grant access? 
[info] 
[info] i  Action required: Visit this URL to ensure access has been granted to the appropriate organization(s) for the Firebase CLI GitHub OAuth App: 
[info] https://github.com/settings/connections/applications/89cf50f02ac6aaed3484
[info] 
[debug] [2023-08-16T16:10:01.867Z] >>> [apiv2][query] GET https://api.github.com/repos/user/actions/secrets/public-key type=owner
[debug] [2023-08-16T16:10:02.243Z] <<< [apiv2][status] GET https://api.github.com/repos/user/actions/secrets/public-key 404
[debug] [2023-08-16T16:10:02.244Z] <<< [apiv2][body] GET https://api.github.com/repos/user/actions/secrets/public-key {"message":"Not Found","documentation_url":"https://docs.github.com/rest"}
[info] 
[info] 
[error] !  The provided authorization cannot be used with this repository. If this repository is in an organization, did you remember to grant access? 
[info] 
[info] i  Action required: Visit this URL to ensure access has been granted to the appropriate organization(s) for the Firebase CLI GitHub OAuth App: 
[info] https://github.com/settings/connections/applications/89cf50f02ac6aaed3484
[info] 
[debug] [2023-08-16T16:10:24.362Z] >>> [apiv2][query] GET https://api.github.com/repos/fran-cucaita/actions/secrets/public-key type=owner
[debug] [2023-08-16T16:10:24.758Z] <<< [apiv2][status] GET https://api.github.com/repos/fran-cucaita/actions/secrets/public-key 404
[debug] [2023-08-16T16:10:24.758Z] <<< [apiv2][body] GET https://api.github.com/repos/fran-cucaita/actions/secrets/public-key {"message":"Not Found","documentation_url":"https://docs.github.com/rest"}
[info] 
[info] 
[error] !  The provided authorization cannot be used with this repository. If this repository is in an organization, did you remember to grant access? 
[info] 
[info] i  Action required: Visit this URL to ensure access has been granted to the appropriate organization(s) for the Firebase CLI GitHub OAuth App: 
[info] https://github.com/settings/connections/applications/89cf50f02ac6aaed3484
[info] 
[debug] [2023-08-16T16:10:51.812Z] >>> [apiv2][query] GET https://api.github.com/repos/Fran Cucaita/actions/secrets/public-key type=owner
[debug] [2023-08-16T16:10:52.232Z] <<< [apiv2][status] GET https://api.github.com/repos/Fran Cucaita/actions/secrets/public-key 404
[debug] [2023-08-16T16:10:52.232Z] <<< [apiv2][body] GET https://api.github.com/repos/Fran Cucaita/actions/secrets/public-key {"message":"Not Found","documentation_url":"https://docs.github.com/rest"}
[info] 
[info] 
[error] !  The provided authorization cannot be used with this repository. If this repository is in an organization, did you remember to grant access? 
[info] 
[info] i  Action required: Visit this URL to ensure access has been granted to the appropriate organization(s) for the Firebase CLI GitHub OAuth App: 
[info] https://github.com/settings/connections/applications/89cf50f02ac6aaed3484
[info] 
[debug] [2023-08-16T16:10:53.453Z] >>> [apiv2][query] GET https://api.github.com/repos/Fran Cucaita/actions/secrets/public-key type=owner
[debug] [2023-08-16T16:10:53.923Z] <<< [apiv2][status] GET https://api.github.com/repos/Fran Cucaita/actions/secrets/public-key 404
[debug] [2023-08-16T16:10:53.923Z] <<< [apiv2][body] GET https://api.github.com/repos/Fran Cucaita/actions/secrets/public-key {"message":"Not Found","documentation_url":"https://docs.github.com/rest"}
[info] 
[info] 
[error] !  The provided authorization cannot be used with this repository. If this repository is in an organization, did you remember to grant access? 
[info] 
[info] i  Action required: Visit this URL to ensure access has been granted to the appropriate organization(s) for the Firebase CLI GitHub OAuth App: 
[info] https://github.com/settings/connections/applications/89cf50f02ac6aaed3484
[info] 
[debug] [2023-08-16T16:21:17.971Z] >>> [apiv2][query] GET https://api.github.com/repos/Fran Cucaita/actions/secrets/public-key type=owner
[debug] [2023-08-16T16:21:18.351Z] <<< [apiv2][status] GET https://api.github.com/repos/Fran Cucaita/actions/secrets/public-key 404
[debug] [2023-08-16T16:21:18.351Z] <<< [apiv2][body] GET https://api.github.com/repos/Fran Cucaita/actions/secrets/public-key {"message":"Not Found","documentation_url":"https://docs.github.com/rest"}
[info] 
[info] 
[error] !  The provided authorization cannot be used with this repository. If this repository is in an organization, did you remember to grant access? 
[info] 
[info] i  Action required: Visit this URL to ensure access has been granted to the appropriate organization(s) for the Firebase CLI GitHub OAuth App: 
[info] https://github.com/settings/connections/applications/89cf50f02ac6aaed3484
[info] 
[debug] [2023-08-16T16:21:26.914Z] >>> [apiv2][query] GET https://api.github.com/repos/Fran-Cucaita/actions/secrets/public-key type=owner
[debug] [2023-08-16T16:21:27.273Z] <<< [apiv2][status] GET https://api.github.com/repos/Fran-Cucaita/actions/secrets/public-key 404
[debug] [2023-08-16T16:21:27.274Z] <<< [apiv2][body] GET https://api.github.com/repos/Fran-Cucaita/actions/secrets/public-key {"message":"Not Found","documentation_url":"https://docs.github.com/rest"}
[info] 
[info] 
[error] !  The provided authorization cannot be used with this repository. If this repository is in an organization, did you remember to grant access? 
[info] 
[info] i  Action required: Visit this URL to ensure access has been granted to the appropriate organization(s) for the Firebase CLI GitHub OAuth App: 
[info] https://github.com/settings/connections/applications/89cf50f02ac6aaed3484
[info] 
[debug] [2023-08-16T16:21:34.900Z] >>> [apiv2][query] GET https://api.github.com/repos/Fran-Cucaita`				/actions/secrets/public-key type=owner
[debug] [2023-08-16T16:21:35.271Z] <<< [apiv2][status] GET https://api.github.com/repos/Fran-Cucaita`				/actions/secrets/public-key 404
[debug] [2023-08-16T16:21:35.271Z] <<< [apiv2][body] GET https://api.github.com/repos/Fran-Cucaita`				/actions/secrets/public-key {"message":"Not Found","documentation_url":"https://docs.github.com/rest"}
[info] 
[info] 
[error] !  The provided authorization cannot be used with this repository. If this repository is in an organization, did you remember to grant access? 
[info] 
[info] i  Action required: Visit this URL to ensure access has been granted to the appropriate organization(s) for the Firebase CLI GitHub OAuth App: 
[info] https://github.com/settings/connections/applications/89cf50f02ac6aaed3484
[info] 
[debug] [2023-08-16T16:21:35.658Z] >>> [apiv2][query] GET https://api.github.com/repos/Fran-Cucaita`					/actions/secrets/public-key type=owner
[debug] [2023-08-16T16:21:36.015Z] <<< [apiv2][status] GET https://api.github.com/repos/Fran-Cucaita`					/actions/secrets/public-key 404
[debug] [2023-08-16T16:21:36.015Z] <<< [apiv2][body] GET https://api.github.com/repos/Fran-Cucaita`					/actions/secrets/public-key {"message":"Not Found","documentation_url":"https://docs.github.com/rest"}
[info] 
[info] 
[error] !  The provided authorization cannot be used with this repository. If this repository is in an organization, did you remember to grant access? 
[info] 
[info] i  Action required: Visit this URL to ensure access has been granted to the appropriate organization(s) for the Firebase CLI GitHub OAuth App: 
[info] https://github.com/settings/connections/applications/89cf50f02ac6aaed3484
[info] 
[debug] [2023-08-16T16:21:40.658Z] >>> [apiv2][query] GET https://api.github.com/repos/	Fran-Cucaita`				cl/actions/secrets/public-key type=owner
[debug] [2023-08-16T16:21:40.949Z] >>> [apiv2][query] GET https://api.github.com/repos//actions/secrets/public-key type=owner
[debug] [2023-08-16T16:21:41.024Z] <<< [apiv2][status] GET https://api.github.com/repos/	Fran-Cucaita`				cl/actions/secrets/public-key 404
[debug] [2023-08-16T16:21:41.024Z] <<< [apiv2][body] GET https://api.github.com/repos/	Fran-Cucaita`				cl/actions/secrets/public-key {"message":"Not Found","documentation_url":"https://docs.github.com/rest"}
[info] 
[info] 
[error] !  The provided authorization cannot be used with this repository. If this repository is in an organization, did you remember to grant access? 
[info] 
[info] i  Action required: Visit this URL to ensure access has been granted to the appropriate organization(s) for the Firebase CLI GitHub OAuth App: 
[info] https://github.com/settings/connections/applications/89cf50f02ac6aaed3484
[info] 
[debug] [2023-08-16T16:21:41.424Z] <<< [apiv2][status] GET https://api.github.com/repos//actions/secrets/public-key 404
[debug] [2023-08-16T16:21:41.425Z] <<< [apiv2][body] GET https://api.github.com/repos//actions/secrets/public-key {"message":"Not Found","documentation_url":"https://docs.github.com/rest"}
[info] 
[info] 
[error] !  The provided authorization cannot be used with this repository. If this repository is in an organization, did you remember to grant access? 
[info] 
[info] i  Action required: Visit this URL to ensure access has been granted to the appropriate organization(s) for the Firebase CLI GitHub OAuth App: 
[info] https://github.com/settings/connections/applications/89cf50f02ac6aaed3484
[info] 
[debug] [2023-08-16T16:26:40.078Z] >>> [apiv2][query] GET https://api.github.com/repos//actions/secrets/public-key type=owner
[debug] [2023-08-16T16:26:40.438Z] <<< [apiv2][status] GET https://api.github.com/repos//actions/secrets/public-key 404
[debug] [2023-08-16T16:26:40.439Z] <<< [apiv2][body] GET https://api.github.com/repos//actions/secrets/public-key {"message":"Not Found","documentation_url":"https://docs.github.com/rest"}
[info] 
[info] 
[error] !  The provided authorization cannot be used with this repository. If this repository is in an organization, did you remember to grant access? 
[info] 
[info] i  Action required: Visit this URL to ensure access has been granted to the appropriate organization(s) for the Firebase CLI GitHub OAuth App: 
[info] https://github.com/settings/connections/applications/89cf50f02ac6aaed3484
[info] 
[debug] [2023-08-16T16:26:53.745Z] >>> [apiv2][query] GET https://api.github.com/repos/fran-cucaita/actions/secrets/public-key type=owner
[debug] [2023-08-16T16:26:54.123Z] <<< [apiv2][status] GET https://api.github.com/repos/fran-cucaita/actions/secrets/public-key 404
[debug] [2023-08-16T16:26:54.124Z] <<< [apiv2][body] GET https://api.github.com/repos/fran-cucaita/actions/secrets/public-key {"message":"Not Found","documentation_url":"https://docs.github.com/rest"}
[info] 
[info] 
[error] !  The provided authorization cannot be used with this repository. If this repository is in an organization, did you remember to grant access? 
[info] 
[info] i  Action required: Visit this URL to ensure access has been granted to the appropriate organization(s) for the Firebase CLI GitHub OAuth App: 
[info] https://github.com/settings/connections/applications/89cf50f02ac6aaed3484
[info] 
